<?xml version="1.0" encoding="UTF-8"?>
<!-- Generated by org.testng.reporters.JUnitReportReporter -->
<testsuite hostname="LAPTOP-1N3TH4EI" failures="0" tests="1" name="newPackage.RestAssuredNewV1" time="12.633" errors="0" timestamp="2024-03-12T19:42:58 IST" skipped="0">
  <testcase classname="newPackage.RestAssuredNewV1" name="getUsers" time="12.633"/>
</testsuite> <!-- newPackage.RestAssuredNewV1 -->
