<?xml version="1.0" encoding="UTF-8"?>
<!-- Generated by org.testng.reporters.JUnitReportReporter -->
<testsuite hostname="LAPTOP-1N3TH4EI" failures="0" tests="1" name="newPackage.RestAssuredPractice" time="15.135" errors="0" timestamp="2024-03-12T14:51:29 IST" skipped="0">
  <testcase classname="newPackage.RestAssuredPractice" name="openWheatherMap" time="15.135"/>
</testsuite> <!-- newPackage.RestAssuredPractice -->
