<?xml version="1.0" encoding="UTF-8"?>
<!-- Generated by org.testng.reporters.JUnitReportReporter -->
<testsuite hostname="LAPTOP-1N3TH4EI" failures="0" tests="1" name="interviewQuetions.Test" time="13.347" errors="0" timestamp="2024-02-22T07:45:41 IST" skipped="0">
  <testcase classname="interviewQuetions.Test" name="testing" time="13.347"/>
  <system-out/>
</testsuite> <!-- interviewQuetions.Test -->
