<?xml version="1.0" encoding="UTF-8"?>
<!-- Generated by org.testng.reporters.JUnitReportReporter -->
<testsuite hostname="LAPTOP-1N3TH4EI" failures="0" tests="1" name="interviewQuetions.GoogleAutomation" time="15.438" errors="0" timestamp="2024-02-29T13:51:21 IST" skipped="0">
  <testcase classname="interviewQuetions.GoogleAutomation" name="amazonMobileNamesAndPrices" time="15.438"/>
  <system-out/>
</testsuite> <!-- interviewQuetions.GoogleAutomation -->
