<?xml version="1.0" encoding="UTF-8"?>
<!-- Generated by org.testng.reporters.JUnitReportReporter -->
<testsuite hostname="LAPTOP-1N3TH4EI" failures="0" tests="1" name="PopUps.AlertPopUp" time="33.487" errors="0" timestamp="2023-09-13T06:32:59 IST" skipped="0">
  <testcase classname="PopUps.AlertPopUp" name="methodAlertPopUp" time="33.487"/>
</testsuite> <!-- PopUps.AlertPopUp -->
