<?xml version="1.0" encoding="UTF-8"?>
<!-- Generated by org.testng.reporters.JUnitReportReporter -->
<testsuite hostname="LAPTOP-1N3TH4EI" failures="0" tests="2" name="FrameWork.HardAssertEx" time="0.031" errors="0" timestamp="2023-09-11T15:33:19 IST" skipped="0">
  <testcase classname="FrameWork.HardAssertEx" name="m2" time="0.007"/>
  <testcase classname="FrameWork.HardAssertEx" name="m1" time="0.024"/>
</testsuite> <!-- FrameWork.HardAssertEx -->
