<?xml version="1.0" encoding="UTF-8"?>
<!-- Generated by org.testng.reporters.JUnitReportReporter -->
<testsuite hostname="LAPTOP-1N3TH4EI" failures="0" tests="1" name="AdvanceScenarios.practice" time="7.815" errors="0" timestamp="2024-01-07T23:36:49 IST" skipped="0">
  <testcase classname="AdvanceScenarios.practice" name="practiceConcept" time="7.815"/>
</testsuite> <!-- AdvanceScenarios.practice -->
