<?xml version="1.0" encoding="UTF-8"?>
<!-- Generated by org.testng.reporters.JUnitReportReporter -->
<testsuite hostname="LAPTOP-1N3TH4EI" failures="0" tests="1" name="FrameWork.Properties_File" time="11.768" errors="0" timestamp="2023-09-07T15:27:42 IST" skipped="0">
  <testcase classname="FrameWork.Properties_File" name="propertyFile" time="11.768"/>
</testsuite> <!-- FrameWork.Properties_File -->
