<?xml version="1.0" encoding="UTF-8"?>
<!-- Generated by org.testng.reporters.JUnitReportReporter -->
<testsuite hostname="LAPTOP-1N3TH4EI" failures="0" tests="1" name="FrameWork.InsertDataToExcel" time="1.949" errors="0" timestamp="2024-01-07T21:35:16 IST" skipped="0">
  <testcase classname="FrameWork.InsertDataToExcel" name="dataToExcel" time="1.949"/>
</testsuite> <!-- FrameWork.InsertDataToExcel -->
