<?xml version="1.0" encoding="UTF-8"?>
<!-- Generated by org.testng.reporters.JUnitReportReporter -->
<testsuite hostname="LAPTOP-1N3TH4EI" failures="0" tests="1" name="FrameWork.PomImpliments" time="22.446" errors="0" timestamp="2023-09-11T14:30:52 IST" skipped="0">
  <testcase classname="FrameWork.PomImpliments" name="methodPomImplimentation" time="22.446"/>
</testsuite> <!-- FrameWork.PomImpliments -->
