<?xml version="1.0" encoding="UTF-8"?>
<!-- Generated by org.testng.reporters.JUnitReportReporter -->
<testsuite hostname="LAPTOP-1N3TH4EI" failures="0" tests="1" name="PopUps.AuthenticattionPopUp" time="14.021" errors="0" timestamp="2023-09-13T06:34:29 IST" skipped="0">
  <testcase classname="PopUps.AuthenticattionPopUp" name="authPop" time="14.021"/>
</testsuite> <!-- PopUps.AuthenticattionPopUp -->
