<?xml version="1.0" encoding="UTF-8"?>
<!-- Generated by org.testng.reporters.JUnitReportReporter -->
<testsuite hostname="LAPTOP-1N3TH4EI" failures="0" tests="1" name="PopUps.WindowHandlingEx2" time="40.167" errors="0" timestamp="2023-09-13T08:45:12 IST" skipped="0">
  <testcase classname="PopUps.WindowHandlingEx2" name="methodWindowsHandlingEX2" time="40.167"/>
</testsuite> <!-- PopUps.WindowHandlingEx2 -->
