<?xml version="1.0" encoding="UTF-8"?>
<!-- Generated by org.testng.reporters.JUnitReportReporter -->
<testsuite hostname="LAPTOP-1N3TH4EI" failures="0" tests="3" name="FrameWork.ImpmentTest" time="0.030" errors="0" timestamp="2023-09-08T15:42:55 IST" skipped="1">
  <testcase classname="FrameWork.ImpmentTest" name="deleteContact" time="0.003"/>
  <testcase classname="FrameWork.ImpmentTest" name="createContact" time="0.027"/>
  <testcase classname="FrameWork.ImpmentTest" name="modifyContact">
    <skipped/>
  </testcase> <!-- modifyContact -->
</testsuite> <!-- FrameWork.ImpmentTest -->
