<?xml version="1.0" encoding="UTF-8"?>
<!-- Generated by org.testng.reporters.JUnitReportReporter -->
<testsuite hostname="LAPTOP-1N3TH4EI" failures="0" tests="2" name="FrameWork.SoftAssertEx" time="0.039" errors="0" timestamp="2023-09-11T15:48:29 IST" skipped="0">
  <testcase classname="FrameWork.SoftAssertEx" name="m1" time="0.032"/>
  <testcase classname="FrameWork.SoftAssertEx" name="m2" time="0.007"/>
</testsuite> <!-- FrameWork.SoftAssertEx -->
