<?xml version="1.0" encoding="UTF-8"?>
<!-- Generated by org.testng.reporters.JUnitReportReporter -->
<testsuite hostname="LAPTOP-1N3TH4EI" failures="0" tests="2" name="FrameWork.SampleTest" time="0.024" errors="0" timestamp="2023-09-08T14:33:38 IST" skipped="0">
  <testcase classname="FrameWork.SampleTest" name="m2" time="0.003"/>
  <testcase classname="FrameWork.SampleTest" name="m1" time="0.021"/>
</testsuite> <!-- FrameWork.SampleTest -->
