<?xml version="1.0" encoding="UTF-8"?>
<!-- Generated by org.testng.reporters.JUnitReportReporter -->
<testsuite hostname="LAPTOP-1N3TH4EI" failures="0" tests="1" name="FrameWork.FetchDataFromExcelFile" time="12.406" errors="0" timestamp="2024-01-07T18:02:41 IST" skipped="0">
  <testcase classname="FrameWork.FetchDataFromExcelFile" name="methodFetchDataFromExcel" time="12.406"/>
</testsuite> <!-- FrameWork.FetchDataFromExcelFile -->
