<?xml version="1.0" encoding="UTF-8"?>
<!-- Generated by org.testng.reporters.JUnitReportReporter -->
<testsuite hostname="LAPTOP-1N3TH4EI" failures="0" tests="1" name="PopUps.WindowsSwitching" time="26.090" errors="0" timestamp="2023-09-13T08:22:19 IST" skipped="0">
  <testcase classname="PopUps.WindowsSwitching" name="methodWindowsSwitching" time="26.090"/>
</testsuite> <!-- PopUps.WindowsSwitching -->
