<?xml version="1.0" encoding="UTF-8"?>
<!-- Generated by org.testng.reporters.JUnitReportReporter -->
<testsuite hostname="LAPTOP-1N3TH4EI" failures="0" tests="1" name="PopUps.FramesPopUp" time="11.387" errors="0" timestamp="2023-09-13T06:55:49 IST" skipped="0">
  <testcase classname="PopUps.FramesPopUp" name="methodFramesPopup" time="11.387"/>
</testsuite> <!-- PopUps.FramesPopUp -->
