<?xml version="1.0" encoding="UTF-8"?>
<!-- Generated by org.testng.reporters.JUnitReportReporter -->
<testsuite hostname="LAPTOP-1N3TH4EI" failures="0" tests="1" name="AdvanceScenarios.ActionClassEx" time="24.317" errors="0" timestamp="2023-09-11T15:18:42 IST" skipped="0">
  <testcase classname="AdvanceScenarios.ActionClassEx" name="methodActionClass" time="24.317"/>
</testsuite> <!-- AdvanceScenarios.ActionClassEx -->
